{"contracts/NumaToken.sol":{"l":{"46":16,"47":16,"48":16,"57":4,"65":1,"76":5,"77":5,"78":5,"79":5,"80":5,"81":5,"82":5,"92":2,"93":2,"104":2,"105":2,"106":2,"107":2,"117":1,"118":1,"119":1,"120":1,"121":1,"122":1,"134":5,"135":5,"136":5,"137":5,"138":5,"139":5,"140":5,"141":5,"152":1,"163":1},"path":"/Users/shunmanabe/Desktop/code_pallet/dapps/erc_token/Numa_token/contracts/NumaToken.sol","s":{"1":16,"2":16,"3":16,"4":4,"5":1,"6":5,"7":5,"8":5,"9":5,"10":5,"11":5,"12":2,"13":2,"14":2,"15":2,"16":2,"17":2,"18":1,"19":1,"20":1,"21":1,"22":1,"23":1,"24":5,"25":5,"26":5,"27":5,"28":5,"29":5,"30":5,"31":5,"32":1,"33":1},"b":{"1":[5,0],"2":[2,0],"3":[1,0],"4":[5,0]},"f":{"1":16,"2":4,"3":1,"4":5,"5":2,"6":2,"7":1,"8":5,"9":1,"10":1},"fnMap":{"1":{"name":null,"line":37,"loc":{"start":{"line":37,"column":1},"end":{"line":37,"column":67}}},"2":{"name":"getOwner","line":51,"loc":{"start":{"line":51,"column":1},"end":{"line":51,"column":51}}},"3":{"name":"getUserTokenBalance","line":60,"loc":{"start":{"line":60,"column":4},"end":{"line":60,"column":77}}},"4":{"name":"airdrop","line":68,"loc":{"start":{"line":68,"column":1},"end":{"line":68,"column":79}}},"5":{"name":"burn","line":85,"loc":{"start":{"line":85,"column":1},"end":{"line":85,"column":68}}},"6":{"name":"burnTargetUserAmount","line":96,"loc":{"start":{"line":96,"column":1},"end":{"line":96,"column":96}}},"7":{"name":"sendTokenToOwner","line":110,"loc":{"start":{"line":110,"column":1},"end":{"line":110,"column":65}}},"8":{"name":"sendTokenAndMessage","line":125,"loc":{"start":{"line":125,"column":1},"end":{"line":125,"column":106}}},"9":{"name":"fetchReceivedMessage","line":144,"loc":{"start":{"line":144,"column":1},"end":{"line":144,"column":80}}},"10":{"name":"fetchSentMessage","line":155,"loc":{"start":{"line":155,"column":1},"end":{"line":155,"column":78}}}},"statementMap":{"1":{"start":{"line":46,"column":2},"end":{"line":46,"column":34}},"2":{"start":{"line":47,"column":2},"end":{"line":47,"column":20}},"3":{"start":{"line":48,"column":2},"end":{"line":48,"column":56}},"4":{"start":{"line":57,"column":8},"end":{"line":57,"column":21}},"5":{"start":{"line":65,"column":5},"end":{"line":65,"column":29}},"6":{"start":{"line":76,"column":2},"end":{"line":76,"column":39}},"7":{"start":{"line":77,"column":2},"end":{"line":77,"column":30}},"8":{"start":{"line":78,"column":2},"end":{"line":78,"column":31}},"9":{"start":{"line":79,"column":2},"end":{"line":79,"column":28}},"10":{"start":{"line":80,"column":2},"end":{"line":80,"column":24}},"11":{"start":{"line":82,"column":2},"end":{"line":82,"column":13}},"12":{"start":{"line":92,"column":2},"end":{"line":92,"column":31}},"13":{"start":{"line":93,"column":2},"end":{"line":93,"column":13}},"14":{"start":{"line":104,"column":2},"end":{"line":104,"column":36}},"15":{"start":{"line":105,"column":2},"end":{"line":105,"column":23}},"16":{"start":{"line":106,"column":2},"end":{"line":106,"column":28}},"17":{"start":{"line":107,"column":2},"end":{"line":107,"column":13}},"18":{"start":{"line":117,"column":2},"end":{"line":117,"column":39}},"19":{"start":{"line":118,"column":2},"end":{"line":118,"column":30}},"20":{"start":{"line":119,"column":2},"end":{"line":119,"column":31}},"21":{"start":{"line":120,"column":2},"end":{"line":120,"column":31}},"22":{"start":{"line":121,"column":2},"end":{"line":121,"column":27}},"23":{"start":{"line":122,"column":2},"end":{"line":122,"column":13}},"24":{"start":{"line":134,"column":2},"end":{"line":134,"column":39}},"25":{"start":{"line":135,"column":2},"end":{"line":135,"column":30}},"26":{"start":{"line":136,"column":2},"end":{"line":136,"column":31}},"27":{"start":{"line":137,"column":2},"end":{"line":137,"column":28}},"28":{"start":{"line":138,"column":2},"end":{"line":138,"column":24}},"29":{"start":{"line":139,"column":2},"end":{"line":139,"column":36}},"30":{"start":{"line":140,"column":2},"end":{"line":140,"column":33}},"31":{"start":{"line":141,"column":2},"end":{"line":141,"column":13}},"32":{"start":{"line":152,"column":2},"end":{"line":152,"column":29}},"33":{"start":{"line":163,"column":2},"end":{"line":163,"column":27}}},"branchMap":{"1":{"line":76,"type":"if","locations":[{"start":{"line":76,"column":2},"end":{"line":76,"column":2}},{"start":{"line":76,"column":2},"end":{"line":76,"column":2}}]},"2":{"line":104,"type":"if","locations":[{"start":{"line":104,"column":2},"end":{"line":104,"column":2}},{"start":{"line":104,"column":2},"end":{"line":104,"column":2}}]},"3":{"line":117,"type":"if","locations":[{"start":{"line":117,"column":2},"end":{"line":117,"column":2}},{"start":{"line":117,"column":2},"end":{"line":117,"column":2}}]},"4":{"line":134,"type":"if","locations":[{"start":{"line":134,"column":2},"end":{"line":134,"column":2}},{"start":{"line":134,"column":2},"end":{"line":134,"column":2}}]}}},"contracts/Owned.sol":{"l":{"10":0,"14":0,"15":0,"19":0,"23":0,"24":0,"25":0,"26":0},"path":"/Users/shunmanabe/Desktop/code_pallet/dapps/erc_token/Numa_token/contracts/Owned.sol","s":{"1":0,"2":0,"3":0,"4":0,"5":0,"6":0,"7":0},"b":{"1":[0,0],"2":[0,0]},"f":{"1":0,"2":0,"3":0,"4":0},"fnMap":{"1":{"name":null,"line":9,"loc":{"start":{"line":9,"column":4},"end":{"line":9,"column":22}}},"2":{"name":"onlyOwner","line":13,"loc":{"start":{"line":13,"column":4},"end":{"line":13,"column":20}}},"3":{"name":"transferOwnership","line":18,"loc":{"start":{"line":18,"column":4},"end":{"line":18,"column":64}}},"4":{"name":"acceptOwnership","line":22,"loc":{"start":{"line":22,"column":4},"end":{"line":22,"column":35}}}},"statementMap":{"1":{"start":{"line":10,"column":8},"end":{"line":10,"column":25}},"2":{"start":{"line":14,"column":8},"end":{"line":14,"column":35}},"3":{"start":{"line":19,"column":8},"end":{"line":19,"column":27}},"4":{"start":{"line":23,"column":8},"end":{"line":23,"column":38}},"5":{"start":{"line":24,"column":8},"end":{"line":24,"column":50}},"6":{"start":{"line":25,"column":8},"end":{"line":25,"column":23}},"7":{"start":{"line":26,"column":8},"end":{"line":26,"column":28}}},"branchMap":{"1":{"line":14,"type":"if","locations":[{"start":{"line":14,"column":8},"end":{"line":14,"column":8}},{"start":{"line":14,"column":8},"end":{"line":14,"column":8}}]},"2":{"line":23,"type":"if","locations":[{"start":{"line":23,"column":8},"end":{"line":23,"column":8}},{"start":{"line":23,"column":8},"end":{"line":23,"column":8}}]}}}}