TN:
SF:/Users/shunmanabe/Desktop/code_pallet/dapps/erc_token/Numa_token/contracts/NumaToken.sol
FN:37,
FN:51,getOwner
FN:60,getUserTokenBalance
FN:68,airdrop
FN:85,burn
FN:96,burnTargetUserAmount
FN:110,sendTokenToOwner
FN:125,sendTokenAndMessage
FN:144,fetchReceivedMessage
FN:155,fetchSentMessage
FNF:10
FNH:10
FNDA:16,
FNDA:4,getOwner
FNDA:1,getUserTokenBalance
FNDA:5,airdrop
FNDA:2,burn
FNDA:2,burnTargetUserAmount
FNDA:1,sendTokenToOwner
FNDA:5,sendTokenAndMessage
FNDA:1,fetchReceivedMessage
FNDA:1,fetchSentMessage
DA:46,16
DA:47,16
DA:48,16
DA:57,4
DA:65,1
DA:76,5
DA:77,5
DA:78,5
DA:79,5
DA:80,5
DA:81,5
DA:82,5
DA:92,2
DA:93,2
DA:104,2
DA:105,2
DA:106,2
DA:107,2
DA:117,1
DA:118,1
DA:119,1
DA:120,1
DA:121,1
DA:122,1
DA:134,5
DA:135,5
DA:136,5
DA:137,5
DA:138,5
DA:139,5
DA:140,5
DA:141,5
DA:152,1
DA:163,1
LF:34
LH:34
BRDA:76,1,0,5
BRDA:76,1,1,0
BRDA:104,2,0,2
BRDA:104,2,1,0
BRDA:117,3,0,1
BRDA:117,3,1,0
BRDA:134,4,0,5
BRDA:134,4,1,0
BRF:8
BRH:4
end_of_record
TN:
SF:/Users/shunmanabe/Desktop/code_pallet/dapps/erc_token/Numa_token/contracts/Owned.sol
FN:9,
FN:13,onlyOwner
FN:18,transferOwnership
FN:22,acceptOwnership
FNF:4
FNH:0
FNDA:0,
FNDA:0,onlyOwner
FNDA:0,transferOwnership
FNDA:0,acceptOwnership
DA:10,0
DA:14,0
DA:15,0
DA:19,0
DA:23,0
DA:24,0
DA:25,0
DA:26,0
LF:8
LH:0
BRDA:14,1,0,0
BRDA:14,1,1,0
BRDA:23,2,0,0
BRDA:23,2,1,0
BRF:4
BRH:0
end_of_record
